<?xml version="1.0" encoding="UTF-8"?>
<beans xmlns="http://www.springframework.org/schema/beans"
	xmlns:xsi="http://www.w3.org/2001/XMLSchema-instance" 
	xmlns:context="http://www.springframework.org/schema/context"
	xmlns:mvc="http://www.springframework.org/schema/mvc" 
	xmlns:util="http://www.springframework.org/schema/util"
	xsi:schemaLocation="
			http://www.springframework.org/schema/beans 
			http://www.springframework.org/schema/beans/spring-beans.xsd
		 	http://www.springframework.org/schema/context 
		 	http://www.springframework.org/schema/context/spring-context.xsd
		 	http://www.springframework.org/schema/mvc 
		 	http://www.springframework.org/schema/mvc/spring-mvc.xsd
		 	http://www.springframework.org/schema/util   
         	http://www.springframework.org/schema/util/spring-util.xsd">


	<!--	 启用spring mvc 注解
    <context:annotation-config />  -->
	<!-- 定义扫描bean的位置 -->
	<context:component-scan base-package="org.michael.sample" use-default-filters="false">
		<context:include-filter type="regex"
			expression=".*..*Controller" />
	</context:component-scan>
</beans>